2021-01-21 [main] INFO  c.s.r.RestaurantManagementApplication - Starting RestaurantManagementApplication on LAPTOP-3PEP4SGG with PID 5104 (C:\Users\hrish\OneDrive\Desktop\RestaurantManagement\target\classes started by hrish in C:\Users\hrish\OneDrive\Desktop\RestaurantManagement)
2021-01-21 [main] DEBUG c.s.r.RestaurantManagementApplication - Running with Spring Boot v2.2.1.RELEASE, Spring v5.2.1.RELEASE
2021-01-21 [main] INFO  c.s.r.RestaurantManagementApplication - The following profiles are active: default
2021-01-21 [main] INFO  o.s.d.r.c.RepositoryConfigurationDelegate - Bootstrapping Spring Data repositories in DEFAULT mode.
2021-01-21 [main] INFO  o.s.d.r.c.RepositoryConfigurationDelegate - Finished Spring Data repository scanning in 168ms. Found 4 repository interfaces.
2021-01-21 [main] INFO  o.s.c.s.PostProcessorRegistrationDelegate$BeanPostProcessorChecker - Bean 'org.springframework.transaction.annotation.ProxyTransactionManagementConfiguration' of type [org.springframework.transaction.annotation.ProxyTransactionManagementConfiguration] is not eligible for getting processed by all BeanPostProcessors (for example: not eligible for auto-proxying)
2021-01-21 [main] INFO  o.s.c.s.PostProcessorRegistrationDelegate$BeanPostProcessorChecker - Bean 'org.springframework.security.config.annotation.configuration.ObjectPostProcessorConfiguration' of type [org.springframework.security.config.annotation.configuration.ObjectPostProcessorConfiguration] is not eligible for getting processed by all BeanPostProcessors (for example: not eligible for auto-proxying)
2021-01-21 [main] INFO  o.s.c.s.PostProcessorRegistrationDelegate$BeanPostProcessorChecker - Bean 'objectPostProcessor' of type [org.springframework.security.config.annotation.configuration.AutowireBeanFactoryObjectPostProcessor] is not eligible for getting processed by all BeanPostProcessors (for example: not eligible for auto-proxying)
2021-01-21 [main] INFO  o.s.c.s.PostProcessorRegistrationDelegate$BeanPostProcessorChecker - Bean 'org.springframework.security.access.expression.method.DefaultMethodSecurityExpressionHandler@6ff415ad' of type [org.springframework.security.access.expression.method.DefaultMethodSecurityExpressionHandler] is not eligible for getting processed by all BeanPostProcessors (for example: not eligible for auto-proxying)
2021-01-21 [main] INFO  o.s.c.s.PostProcessorRegistrationDelegate$BeanPostProcessorChecker - Bean 'org.springframework.security.config.annotation.method.configuration.GlobalMethodSecurityConfiguration' of type [org.springframework.security.config.annotation.method.configuration.GlobalMethodSecurityConfiguration] is not eligible for getting processed by all BeanPostProcessors (for example: not eligible for auto-proxying)
2021-01-21 [main] INFO  o.s.c.s.PostProcessorRegistrationDelegate$BeanPostProcessorChecker - Bean 'methodSecurityMetadataSource' of type [org.springframework.security.access.method.DelegatingMethodSecurityMetadataSource] is not eligible for getting processed by all BeanPostProcessors (for example: not eligible for auto-proxying)
2021-01-21 [main] INFO  o.s.b.w.e.tomcat.TomcatWebServer - Tomcat initialized with port(s): 8080 (http)
2021-01-21 [main] INFO  o.a.catalina.core.StandardService - Starting service [Tomcat]
2021-01-21 [main] INFO  o.a.catalina.core.StandardEngine - Starting Servlet engine: [Apache Tomcat/9.0.27]
2021-01-21 [main] INFO  o.a.c.c.C.[Tomcat].[localhost].[/] - Initializing Spring embedded WebApplicationContext
2021-01-21 [main] INFO  o.s.web.context.ContextLoader - Root WebApplicationContext: initialization completed in 5001 ms
2021-01-21 [main] WARN  o.s.b.a.o.j.JpaBaseConfiguration$JpaWebConfiguration - spring.jpa.open-in-view is enabled by default. Therefore, database queries may be performed during view rendering. Explicitly configure spring.jpa.open-in-view to disable this warning
2021-01-21 [main] INFO  o.h.jpa.internal.util.LogHelper - HHH000204: Processing PersistenceUnitInfo [name: default]
2021-01-21 [main] INFO  org.hibernate.Version - HHH000412: Hibernate Core {5.4.8.Final}
2021-01-21 [main] INFO  o.h.annotations.common.Version - HCANN000001: Hibernate Commons Annotations {5.1.0.Final}
2021-01-21 [main] INFO  com.zaxxer.hikari.HikariDataSource - HikariPool-1 - Starting...
2021-01-21 [main] INFO  com.zaxxer.hikari.HikariDataSource - HikariPool-1 - Start completed.
2021-01-21 [main] INFO  org.hibernate.dialect.Dialect - HHH000400: Using dialect: org.hibernate.dialect.MySQL8Dialect
2021-01-21 [main] INFO  org.hibernate.tuple.PojoInstantiator - HHH000182: No default (no-argument) constructor for class: com.spring.rest.model.User (class must be instantiated by Interceptor)
2021-01-21 [main] INFO  o.h.e.t.j.p.i.JtaPlatformInitiator - HHH000490: Using JtaPlatform implementation: [org.hibernate.engine.transaction.jta.platform.internal.NoJtaPlatform]
2021-01-21 [main] INFO  o.s.o.j.LocalContainerEntityManagerFactoryBean - Initialized JPA EntityManagerFactory for persistence unit 'default'
2021-01-21 [main] DEBUG c.s.r.security.jwt.AuthTokenFilter - Filter 'authenticationJwtTokenFilter' configured for use
2021-01-21 [main] INFO  o.s.s.web.DefaultSecurityFilterChain - Creating filter chain: any request, [org.springframework.security.web.context.request.async.WebAsyncManagerIntegrationFilter@2e44cb34, org.springframework.security.web.context.SecurityContextPersistenceFilter@6e67a8c0, org.springframework.security.web.header.HeaderWriterFilter@56f72909, org.springframework.web.filter.CorsFilter@731e0bff, org.springframework.security.web.authentication.logout.LogoutFilter@93f15f6, com.spring.rest.security.jwt.AuthTokenFilter@9dc782d, org.springframework.security.web.savedrequest.RequestCacheAwareFilter@1d1b3620, org.springframework.security.web.servletapi.SecurityContextHolderAwareRequestFilter@53a09566, org.springframework.security.web.authentication.AnonymousAuthenticationFilter@213ceb4e, org.springframework.security.web.session.SessionManagementFilter@3b347439, org.springframework.security.web.access.ExceptionTranslationFilter@23ec63af, org.springframework.security.web.access.intercept.FilterSecurityInterceptor@73b8ab2c]
2021-01-21 [main] INFO  o.s.s.c.ThreadPoolTaskExecutor - Initializing ExecutorService 'applicationTaskExecutor'
2021-01-21 [main] INFO  o.s.b.w.e.tomcat.TomcatWebServer - Tomcat started on port(s): 8080 (http) with context path ''
2021-01-21 [main] INFO  c.s.r.RestaurantManagementApplication - Started RestaurantManagementApplication in 14.439 seconds (JVM running for 15.219)
